<?xml version="1.0" encoding="UTF-8"?>
<testsuite name="MatrixTests" tests="14" skipped="0" failures="0" errors="0" timestamp="2023-03-23T05:51:00" hostname="DESKTOP-4FVIPB8" time="0.094">
  <properties/>
  <testcase name="testForCreateUnitMatrix3x3()" classname="MatrixTests" time="0.056"/>
  <testcase name="testForCreateUnitMatrix4x4()" classname="MatrixTests" time="0.002"/>
  <testcase name="testForTransposeMatrix3x3()" classname="MatrixTests" time="0.002"/>
  <testcase name="testForTransposeMatrix4x4()" classname="MatrixTests" time="0.002"/>
  <testcase name="testForSubtractMatrix3x3()" classname="MatrixTests" time="0.0"/>
  <testcase name="testForSubtractMatrix4x4()" classname="MatrixTests" time="0.0"/>
  <testcase name="testForSumMatrix3x3()" classname="MatrixTests" time="0.003"/>
  <testcase name="testForSumMatrix4x4()" classname="MatrixTests" time="0.005"/>
  <testcase name="testForMultiplyMatrix4x4ByVector4()" classname="MatrixTests" time="0.001"/>
  <testcase name="testForMultiplyMatrix3x3ByVector3()" classname="MatrixTests" time="0.001"/>
  <testcase name="testForMultiplyMatrix3x3()" classname="MatrixTests" time="0.002"/>
  <testcase name="testForMultiplyMatrix4x4()" classname="MatrixTests" time="0.002"/>
  <testcase name="testForCreateNullMatrix3x3()" classname="MatrixTests" time="0.001"/>
  <testcase name="testForCreateNullMatrix4x4()" classname="MatrixTests" time="0.001"/>
  <system-out><![CDATA[]]></system-out>
  <system-err><![CDATA[]]></system-err>
</testsuite>
